<?xml version="1.0" encoding="UTF-8"?>
<!-- Generated by org.testng.reporters.JUnitXMLReporter -->
<testsuite ignored="0" hostname="DESKTOP-EKDQISM" failures="0" tests="2" name="Command line test" time="0.029" errors="0" timestamp="2020-06-29T17:19:46 CDT">
  <testcase classname="bankService.CustomerTest" name="creatingCustomerWithValidData_StoresSpecifiedData" time="0.005"/>
  <testcase classname="bankService.CustomerTest" name="updatingCustomerDataWithDifferentValidValues_StoredNewValues" time="0.0"/>
</testsuite> <!-- Command line test -->
